<?xml version="1.0" encoding="UTF-8"?>
<testng-results skipped="0" failed="0" ignored="0" total="1" passed="1">
  <reporter-output>
  </reporter-output>
  <suite name="Default suite" duration-ms="168151" started-at="2021-03-22T10:54:26Z" finished-at="2021-03-22T10:57:14Z">
    <groups>
    </groups>
    <test name="Default test" duration-ms="168151" started-at="2021-03-22T10:54:26Z" finished-at="2021-03-22T10:57:14Z">
      <class name="ActualPackage.WebPageAutomation">
        <test-method status="PASS" signature="beforetest()[pri:0, instance:ActualPackage.WebPageAutomation@5b275dab]" name="beforetest" is-config="true" duration-ms="8" started-at="2021-03-22T16:24:26Z" finished-at="2021-03-22T16:24:26Z">
          <reporter-output>
          </reporter-output>
        </test-method> <!-- beforetest -->
        <test-method status="PASS" signature="main()[pri:0, instance:ActualPackage.WebPageAutomation@5b275dab]" name="main" duration-ms="164585" started-at="2021-03-22T16:24:26Z" finished-at="2021-03-22T16:27:10Z">
          <reporter-output>
          </reporter-output>
        </test-method> <!-- main -->
        <test-method status="PASS" signature="aftertest()[pri:0, instance:ActualPackage.WebPageAutomation@5b275dab]" name="aftertest" is-config="true" duration-ms="3539" started-at="2021-03-22T16:27:10Z" finished-at="2021-03-22T16:27:14Z">
          <reporter-output>
          </reporter-output>
        </test-method> <!-- aftertest -->
      </class> <!-- ActualPackage.WebPageAutomation -->
    </test> <!-- Default test -->
  </suite> <!-- Default suite -->
</testng-results>
